<?xml version="1.0" encoding="UTF-8" ?>
<testsuite tests="13" failures="0" name="sessionbuddy.KeywordSearchTest" time="4.732" errors="0" skipped="0">
  <properties>
    <property name="java.runtime.name" value="Java(TM) SE Runtime Environment"/>
    <property name="java.vm.version" value="14.0.2+12-46"/>
    <property name="sun.boot.library.path" value="C:\Program Files\Java\jdk-14.0.2\bin"/>
    <property name="maven.multiModuleProjectDirectory" value="C:\Users\colma\git\SessionBuddy\SessionBuddy"/>
    <property name="java.vm.vendor" value="Oracle Corporation"/>
    <property name="java.vendor.url" value="https://java.oracle.com/"/>
    <property name="guice.disable.misplaced.annotation.check" value="true"/>
    <property name="path.separator" value=";"/>
    <property name="java.vm.name" value="Java HotSpot(TM) 64-Bit Server VM"/>
    <property name="sun.os.patch.level" value=""/>
    <property name="user.script" value=""/>
    <property name="user.country" value="IE"/>
    <property name="sun.java.launcher" value="SUN_STANDARD"/>
    <property name="java.vm.specification.name" value="Java Virtual Machine Specification"/>
    <property name="user.dir" value="C:\Users\colma\git\SessionBuddy\SessionBuddy"/>
    <property name="java.vm.compressedOopsMode" value="32-bit"/>
    <property name="java.runtime.version" value="14.0.2+12-46"/>
    <property name="os.arch" value="amd64"/>
    <property name="java.io.tmpdir" value="C:\Users\colma\AppData\Local\Temp\"/>
    <property name="line.separator" value="
"/>
    <property name="java.vm.specification.vendor" value="Oracle Corporation"/>
    <property name="user.variant" value=""/>
    <property name="os.name" value="Windows 10"/>
    <property name="classworlds.conf" value="C:\Users\colma\eclipse-workspace\.metadata\.plugins\org.eclipse.m2e.launching\launches\m2conf12621805422007631309.tmp"/>
    <property name="sun.jnu.encoding" value="Cp1252"/>
    <property name="java.library.path" value="C:\Program Files\Java\jdk-14.0.2\bin;C:\Windows\Sun\Java\bin;C:\Windows\system32;C:\Windows;C:/Program Files/Java/jdk-14.0.2/bin/server;C:/Program Files/Java/jdk-14.0.2/bin;C:\Program Files\AdoptOpenJDK\jdk-11.0.8.10-hotspot\bin;C:\Windows\system32;C:\Windows;C:\Windows\System32\Wbem;C:\Windows\System32\WindowsPowerShell\v1.0\;C:\Windows\System32\OpenSSH\;C:\Program Files\Git\cmd;C:\Go\bin;C:\Users\colma\AppData\Local\Microsoft\WindowsApps;;C:\Users\colma\AppData\Local\Programs\Microsoft VS Code\bin;C:\Users\colma\go\bin;C:\Windows\system32;;."/>
    <property name="jdk.debug" value="release"/>
    <property name="java.class.version" value="58.0"/>
    <property name="java.specification.name" value="Java Platform API Specification"/>
    <property name="sun.management.compiler" value="HotSpot 64-Bit Tiered Compilers"/>
    <property name="os.version" value="10.0"/>
    <property name="user.home" value="C:\Users\colma"/>
    <property name="user.timezone" value="Europe/Dublin"/>
    <property name="file.encoding" value="Cp1252"/>
    <property name="java.specification.version" value="14"/>
    <property name="user.name" value="colma"/>
    <property name="java.class.path" value="C:\Users\colma\.p2\pool\plugins\org.eclipse.m2e.maven.runtime_1.16.0.20200610-1735\jars\plexus-classworlds-2.6.0.jar"/>
    <property name="java.vm.specification.version" value="14"/>
    <property name="sun.arch.data.model" value="64"/>
    <property name="sun.java.command" value="org.codehaus.plexus.classworlds.launcher.Launcher -B install"/>
    <property name="java.home" value="C:\Program Files\Java\jdk-14.0.2"/>
    <property name="user.language" value="en"/>
    <property name="java.specification.vendor" value="Oracle Corporation"/>
    <property name="java.vm.info" value="mixed mode, sharing"/>
    <property name="java.version" value="14.0.2"/>
    <property name="java.vendor" value="Oracle Corporation"/>
    <property name="maven.home" value="C:\Users\colma\git\SessionBuddy\SessionBuddy\EMBEDDED"/>
    <property name="file.separator" value="\"/>
    <property name="java.version.date" value="2020-07-14"/>
    <property name="java.vendor.url.bug" value="https://bugreport.java.com/bugreport/"/>
    <property name="sun.io.unicode.encoding" value="UnicodeLittle"/>
    <property name="sun.cpu.endian" value="little"/>
    <property name="sun.cpu.isalist" value="amd64"/>
  </properties>
  <testcase classname="sessionbuddy.KeywordSearchTest" name="testSearchEventsWithPagination" time="0.237"/>
  <testcase classname="sessionbuddy.KeywordSearchTest" name="testSearchRecordingsWithoutPagination" time="0.551"/>
  <testcase classname="sessionbuddy.KeywordSearchTest" name="testSearchSessionsWithoutPagination" time="0.258"/>
  <testcase classname="sessionbuddy.KeywordSearchTest" name="testSearchSessionsWithPaginationWithNoResults" time="0.233"/>
  <testcase classname="sessionbuddy.KeywordSearchTest" name="testSearchDiscussionsWithPagination" time="0.212"/>
  <testcase classname="sessionbuddy.KeywordSearchTest" name="testSearchTripsWithPagination" time="0.155"/>
  <testcase classname="sessionbuddy.KeywordSearchTest" name="testSearchSessionsWithPagination" time="0.242"/>
  <testcase classname="sessionbuddy.KeywordSearchTest" name="testSearchTunesWithPagination" time="0.843"/>
  <testcase classname="sessionbuddy.KeywordSearchTest" name="testSearchTunesWithoutPagination" time="0.715"/>
  <testcase classname="sessionbuddy.KeywordSearchTest" name="testSearchDiscussionsWithoutPagination" time="0.185"/>
  <testcase classname="sessionbuddy.KeywordSearchTest" name="testSearchRecordingsWithPagination" time="0.549"/>
  <testcase classname="sessionbuddy.KeywordSearchTest" name="testSearchTripsWithoutPagination" time="0.138"/>
  <testcase classname="sessionbuddy.KeywordSearchTest" name="testSearchEventsWithoutPagination" time="0.414"/>
</testsuite>